  0:00 ------------------------------------------------------------
  0:00 InitGame: \fs_game\mods/yolo_dev\g_compassShowEnemies\0\g_gametype\yolo\gamename\Call of Duty 4\mapname\mp_yolo_test\protocol\6\shortversion\1.7\sv_allowAnonymous\0\sv_disableClientConsole\0\sv_floodprotect\1\sv_hostname\CoD4Host\sv_maxclients\24\sv_maxPing\0\sv_maxRate\5000\sv_minPing\0\sv_privateClients\0\sv_punkbuster\0\sv_pure\1\sv_voice\0\ui_maxclients\32\version\CoD4 MP 1.7 win_mingw-x86-debug Sep 20 2014
  0:21 J;;0;i-G.Headdy
  0:22 J;;2;bot2
  0:22 J;;1;bot1
  0:25 ShutdownGame:
  0:25 ------------------------------------------------------------
  0:00 ------------------------------------------------------------
  0:00 InitGame: \fs_game\mods/yolo_dev\g_compassShowEnemies\0\g_gametype\yolo\gamename\Call of Duty 4\mapname\mp_yolo_test\protocol\6\shortversion\1.7\sv_allowAnonymous\0\sv_disableClientConsole\0\sv_floodprotect\1\sv_hostname\CoD4Host\sv_maxclients\24\sv_maxPing\0\sv_maxRate\5000\sv_minPing\0\sv_privateClients\0\sv_punkbuster\0\sv_pure\1\sv_voice\0\ui_maxclients\32\version\CoD4 MP 1.7 win_mingw-x86-debug Sep 20 2014
  0:05 ShutdownGame:
  0:05 ------------------------------------------------------------
  0:00 ------------------------------------------------------------
  0:00 InitGame: \fs_game\mods/yolo_dev\g_compassShowEnemies\0\g_gametype\yolo\gamename\Call of Duty 4\mapname\mp_yolo_test\protocol\6\shortversion\1.7\sv_allowAnonymous\0\sv_disableClientConsole\0\sv_floodprotect\1\sv_hostname\CoD4Host\sv_maxclients\24\sv_maxPing\0\sv_maxRate\5000\sv_minPing\0\sv_privateClients\0\sv_punkbuster\0\sv_pure\1\sv_voice\0\ui_maxclients\32\version\CoD4 MP 1.7 win_mingw-x86-debug Sep 20 2014
  0:21 J;;0;i-G.Headdy
  0:22 J;;2;bot2
  0:22 J;;1;bot1
  0:23 ShutdownGame:
  0:23 ------------------------------------------------------------
  0:00 ------------------------------------------------------------
  0:00 InitGame: \fs_game\mods/yolo_dev\g_compassShowEnemies\0\g_gametype\yolo\gamename\Call of Duty 4\mapname\mp_yolo_test\protocol\6\shortversion\1.7\sv_allowAnonymous\0\sv_disableClientConsole\0\sv_floodprotect\1\sv_hostname\CoD4Host\sv_maxclients\24\sv_maxPing\0\sv_maxRate\5000\sv_minPing\0\sv_privateClients\0\sv_punkbuster\0\sv_pure\1\sv_voice\0\ui_maxclients\32\version\CoD4 MP 1.7 win_mingw-x86-debug Sep 20 2014
  0:07 ShutdownGame:
  0:07 ------------------------------------------------------------
  0:00 ------------------------------------------------------------
  0:00 InitGame: \fs_game\mods/yolo_dev\g_compassShowEnemies\0\g_gametype\yolo\gamename\Call of Duty 4\mapname\mp_yolo_test\protocol\6\shortversion\1.7\sv_allowAnonymous\0\sv_disableClientConsole\0\sv_floodprotect\1\sv_hostname\CoD4Host\sv_maxclients\24\sv_maxPing\0\sv_maxRate\5000\sv_minPing\0\sv_privateClients\0\sv_punkbuster\0\sv_pure\1\sv_voice\0\ui_maxclients\32\version\CoD4 MP 1.7 win_mingw-x86-debug Sep 20 2014
  0:21 J;;0;i-G.Headdy
  0:22 J;;2;bot2
  0:22 J;;1;bot1
  1:14 First Suicider:bot2;  2:38 ShutdownGame:
  2:38 ------------------------------------------------------------
  0:00 ------------------------------------------------------------
  0:00 InitGame: \fs_game\mods/yolo_dev\g_compassShowEnemies\0\g_gametype\yolo\gamename\Call of Duty 4\mapname\mp_yolo_test\protocol\6\shortversion\1.7\sv_allowAnonymous\0\sv_disableClientConsole\0\sv_floodprotect\1\sv_hostname\CoD4Host\sv_maxclients\24\sv_maxPing\0\sv_maxRate\5000\sv_minPing\0\sv_privateClients\0\sv_punkbuster\0\sv_pure\1\sv_voice\0\ui_maxclients\32\version\CoD4 MP 1.7 win_mingw-x86-debug Sep 20 2014
  0:21 J;;0;i-G.Headdy
  0:22 J;;2;bot2
  0:22 J;;1;bot1
  1:14 First Suicider:bot1;  1:58 ShutdownGame:
  1:58 ------------------------------------------------------------
  0:00 ------------------------------------------------------------
  0:00 InitGame: \fs_game\mods/yolo_dev\g_compassShowEnemies\0\g_gametype\yolo\gamename\Call of Duty 4\mapname\mp_yolo_test\protocol\6\shortversion\1.7\sv_allowAnonymous\0\sv_disableClientConsole\0\sv_floodprotect\1\sv_hostname\CoD4Host\sv_maxclients\24\sv_maxPing\0\sv_maxRate\5000\sv_minPing\0\sv_privateClients\0\sv_punkbuster\0\sv_pure\1\sv_voice\0\ui_maxclients\32\version\CoD4 MP 1.7 win_mingw-x86-debug Sep 20 2014
  0:21 J;;0;i-G.Headdy
  0:22 J;;2;bot2
  0:22 J;;1;bot1
  1:03 ShutdownGame:
  1:03 ------------------------------------------------------------
  0:00 ------------------------------------------------------------
  0:00 InitGame: \fs_game\mods/yolo_dev\g_compassShowEnemies\0\g_gametype\yolo\gamename\Call of Duty 4\mapname\mp_yolo_test\protocol\6\shortversion\1.7\sv_allowAnonymous\0\sv_disableClientConsole\0\sv_floodprotect\1\sv_hostname\CoD4Host\sv_maxclients\24\sv_maxPing\0\sv_maxRate\5000\sv_minPing\0\sv_privateClients\0\sv_punkbuster\0\sv_pure\1\sv_voice\0\ui_maxclients\32\version\CoD4 MP 1.7 win_mingw-x86-debug Sep 20 2014
  0:21 J;;0;i-G.Headdy
  0:22 J;;2;bot2
  0:22 J;;1;bot1
  1:14 First Suicider:bot2;  2:00 ShutdownGame:
  2:00 ------------------------------------------------------------
  0:00 ------------------------------------------------------------
  0:00 InitGame: \fs_game\mods/yolo_dev\g_compassShowEnemies\0\g_gametype\yolo\gamename\Call of Duty 4\mapname\mp_yolo_test\protocol\6\shortversion\1.7\sv_allowAnonymous\0\sv_disableClientConsole\0\sv_floodprotect\1\sv_hostname\CoD4Host\sv_maxclients\24\sv_maxPing\0\sv_maxRate\5000\sv_minPing\0\sv_privateClients\0\sv_punkbuster\0\sv_pure\1\sv_voice\0\ui_maxclients\32\version\CoD4 MP 1.7 win_mingw-x86-debug Sep 20 2014
  0:21 J;;0;i-G.Headdy
  0:22 J;;2;bot2
  0:22 J;;1;bot1
  1:14 First Suicider:bot1;  1:28 ShutdownGame:
  1:28 ------------------------------------------------------------
  0:00 ------------------------------------------------------------
  0:00 InitGame: \fs_game\mods/yolo_dev\g_compassShowEnemies\0\g_gametype\yolo\gamename\Call of Duty 4\mapname\mp_yolo_test\protocol\6\shortversion\1.7\sv_allowAnonymous\0\sv_disableClientConsole\0\sv_floodprotect\1\sv_hostname\CoD4Host\sv_maxclients\24\sv_maxPing\0\sv_maxRate\5000\sv_minPing\0\sv_privateClients\0\sv_punkbuster\0\sv_pure\1\sv_voice\0\ui_maxclients\32\version\CoD4 MP 1.7 win_mingw-x86-debug Sep 20 2014
  0:21 J;;0;i-G.Headdy
  0:22 J;;2;bot2
  0:22 J;;1;bot1
  1:14 First Suicider:bot2;  2:55 ShutdownGame:
  2:55 ------------------------------------------------------------
  0:00 ------------------------------------------------------------
  0:00 InitGame: \fs_game\mods/yolo_dev\g_compassShowEnemies\0\g_gametype\yolo\gamename\Call of Duty 4\mapname\mp_yolo_test\protocol\6\shortversion\1.7\sv_allowAnonymous\0\sv_disableClientConsole\0\sv_floodprotect\1\sv_hostname\CoD4Host\sv_maxclients\24\sv_maxPing\0\sv_maxRate\5000\sv_minPing\0\sv_privateClients\0\sv_punkbuster\0\sv_pure\1\sv_voice\0\ui_maxclients\32\version\CoD4 MP 1.7 win_mingw-x86-debug Sep 20 2014
  0:21 J;;0;i-G.Headdy
  0:22 J;;2;bot2
  0:22 J;;1;bot1
  0:28 ShutdownGame:
  0:28 ------------------------------------------------------------
  0:00 ------------------------------------------------------------
  0:00 InitGame: \fs_game\mods/yolo_dev\g_compassShowEnemies\0\g_gametype\yolo\gamename\Call of Duty 4\mapname\mp_yolo_test\protocol\6\shortversion\1.7\sv_allowAnonymous\0\sv_disableClientConsole\0\sv_floodprotect\1\sv_hostname\CoD4Host\sv_maxclients\24\sv_maxPing\0\sv_maxRate\5000\sv_minPing\0\sv_privateClients\0\sv_punkbuster\0\sv_pure\1\sv_voice\0\ui_maxclients\32\version\CoD4 MP 1.7 win_mingw-x86-debug Sep 20 2014
  0:21 J;;0;i-G.Headdy
  0:22 J;;2;bot2
  0:22 J;;1;bot1
  1:14 First Suicider:bot1;  1:52 ShutdownGame:
  1:52 ------------------------------------------------------------
  0:00 ------------------------------------------------------------
  0:00 InitGame: \fs_game\mods/yolo_dev\g_compassShowEnemies\0\g_gametype\yolo\gamename\Call of Duty 4\mapname\mp_yolo_test\protocol\6\shortversion\1.7\sv_allowAnonymous\0\sv_disableClientConsole\0\sv_floodprotect\1\sv_hostname\CoD4Host\sv_maxclients\24\sv_maxPing\0\sv_maxRate\5000\sv_minPing\0\sv_privateClients\0\sv_punkbuster\0\sv_pure\1\sv_voice\0\ui_maxclients\32\version\CoD4 MP 1.7 win_mingw-x86-debug Sep 20 2014
  0:21 J;;0;i-G.Headdy
  0:22 J;;2;bot2
  0:22 J;;1;bot1
  1:14 First Suicider:bot1;  4:25 ShutdownGame:
  4:25 ------------------------------------------------------------
